
Log Entry : 9:58:55 PM Saturday, July 13, 2024
  :
  :PostInformation { PostId = 8, Title = Devin AI, Content = Would Devin be the end of Software Engineers, PostAuthorId = 1 }
-------------------------------

Log Entry : 9:58:55 PM Saturday, July 13, 2024
  :
  :PostInformation { PostId = 9, Title = Devin AI, Content = Would Devin be the end of Software Engineers, PostAuthorId = 1 }
-------------------------------

Log Entry : 9:58:57 PM Saturday, July 13, 2024
  :
  :PostInformation { PostId = 10, Title = Devin AI, Content = Would Devin be the end of Software Engineers, PostAuthorId = 1 }
-------------------------------

Log Entry : 9:58:58 PM Saturday, July 13, 2024
  :
  :PostInformation { PostId = 11, Title = Devin AI, Content = Would Devin be the end of Software Engineers, PostAuthorId = 1 }
-------------------------------

Log Entry : 9:58:58 PM Saturday, July 13, 2024
  :
  :PostInformation { PostId = 12, Title = Devin AI, Content = Would Devin be the end of Software Engineers, PostAuthorId = 1 }
-------------------------------

Log Entry : 9:58:59 PM Saturday, July 13, 2024
  :
  :PostInformation { PostId = 13, Title = Devin AI, Content = Would Devin be the end of Software Engineers, PostAuthorId = 1 }
-------------------------------

Log Entry : 9:58:59 PM Saturday, July 13, 2024
  :
  :PostInformation { PostId = 14, Title = Devin AI, Content = Would Devin be the end of Software Engineers, PostAuthorId = 1 }
-------------------------------

Log Entry : 11:10:20 PM Saturday, July 13, 2024
  :
  :PostInformation { PostId = 1, Title = Devin AI, Content = Would Devin be the end of Software Engineers, PostAuthorId = 1 }
-------------------------------

Log Entry : 11:10:22 PM Saturday, July 13, 2024
  :
  :PostInformation { PostId = 2, Title = Devin AI, Content = Would Devin be the end of Software Engineers, PostAuthorId = 1 }
-------------------------------

Log Entry : 11:10:22 PM Saturday, July 13, 2024
  :
  :PostInformation { PostId = 3, Title = Devin AI, Content = Would Devin be the end of Software Engineers, PostAuthorId = 1 }
-------------------------------

Log Entry : 11:10:22 PM Saturday, July 13, 2024
  :
  :PostInformation { PostId = 4, Title = Devin AI, Content = Would Devin be the end of Software Engineers, PostAuthorId = 1 }
-------------------------------

Log Entry : 11:10:23 PM Saturday, July 13, 2024
  :
  :PostInformation { PostId = 5, Title = Devin AI, Content = Would Devin be the end of Software Engineers, PostAuthorId = 1 }
-------------------------------

Log Entry : 11:10:23 PM Saturday, July 13, 2024
  :
  :PostInformation { PostId = 6, Title = Devin AI, Content = Would Devin be the end of Software Engineers, PostAuthorId = 1 }
-------------------------------

Log Entry : 11:10:23 PM Saturday, July 13, 2024
  :
  :PostInformation { PostId = 7, Title = Devin AI, Content = Would Devin be the end of Software Engineers, PostAuthorId = 1 }
-------------------------------

Log Entry : 11:10:23 PM Saturday, July 13, 2024
  :
  :PostInformation { PostId = 8, Title = Devin AI, Content = Would Devin be the end of Software Engineers, PostAuthorId = 1 }
-------------------------------

Log Entry : 11:10:23 PM Saturday, July 13, 2024
  :
  :PostInformation { PostId = 9, Title = Devin AI, Content = Would Devin be the end of Software Engineers, PostAuthorId = 1 }
-------------------------------

Log Entry : 11:10:24 PM Saturday, July 13, 2024
  :
  :PostInformation { PostId = 10, Title = Devin AI, Content = Would Devin be the end of Software Engineers, PostAuthorId = 1 }
-------------------------------

Log Entry : 12:47:36 AM Saturday, July 27, 2024
  :
  :PostInformation { PostId = 1, Title = Devin AI, Content = Would Devin be the end of Software Engineers, PostAuthorId = 1 }
-------------------------------

Log Entry : 12:47:36 AM Saturday, July 27, 2024
  :
  :PostInformation { PostId = 2, Title = Devin AI, Content = Would Devin be the end of Software Engineers, PostAuthorId = 1 }
-------------------------------

Log Entry : 12:47:37 AM Saturday, July 27, 2024
  :
  :PostInformation { PostId = 3, Title = Devin AI, Content = Would Devin be the end of Software Engineers, PostAuthorId = 1 }
-------------------------------

Log Entry : 12:47:37 AM Saturday, July 27, 2024
  :
  :PostInformation { PostId = 4, Title = Devin AI, Content = Would Devin be the end of Software Engineers, PostAuthorId = 1 }
-------------------------------

Log Entry : 12:47:37 AM Saturday, July 27, 2024
  :
  :PostInformation { PostId = 5, Title = Devin AI, Content = Would Devin be the end of Software Engineers, PostAuthorId = 1 }
-------------------------------

Log Entry : 12:47:37 AM Saturday, July 27, 2024
  :
  :PostInformation { PostId = 6, Title = Devin AI, Content = Would Devin be the end of Software Engineers, PostAuthorId = 1 }
-------------------------------

Log Entry : 12:47:48 AM Saturday, July 27, 2024
  :
  :CommentData { CommentId = 1, Comment = Why Software Engineering so Hard?? }
-------------------------------

Log Entry : 12:47:49 AM Saturday, July 27, 2024
  :
  :CommentData { CommentId = 2, Comment = Why Software Engineering so Hard?? }
-------------------------------
